d:\programming\graphics\graphiclibrarydll\graphiclibrarydll\debug\vc140.pdb
d:\programming\graphics\graphiclibrarydll\graphiclibrarydll\debug\vc140.idb
d:\programming\graphics\graphiclibrarydll\graphiclibrarydll\debug\graphiclibdll.obj
c:\dev\projects\git\graphiclib\graphiclibrarydll\graphiclibrarydll\debug\vc140.pdb
c:\dev\projects\git\graphiclib\graphiclibrarydll\graphiclibrarydll\debug\vc140.idb
c:\dev\projects\git\graphiclib\graphiclibrarydll\graphiclibrarydll\debug\graphiclibdll.obj
d:\programming\graphics\graphicssolution\graphicsproject\debug\graphiclibrarydll.lib
d:\programming\graphics\graphicssolution\graphicsproject\debug\graphiclibrarydll.exp
c:\dev\projects\git\graphiclib\graphicssolution\graphicsproject\debug\graphiclibrarydll.lib
c:\dev\projects\git\graphiclib\graphicssolution\graphicsproject\debug\graphiclibrarydll.exp
d:\programming\graphics\graphicssolution\graphicsproject\debug\graphiclibrarydll.ilk
d:\programming\graphics\graphicssolution\graphicsproject\debug\graphiclibrarydll.dll
d:\programming\graphics\graphicssolution\graphicsproject\debug\graphiclibrarydll.pdb
c:\dev\projects\git\graphiclib\graphicssolution\graphicsproject\debug\graphiclibrarydll.ilk
c:\dev\projects\git\graphiclib\graphicssolution\graphicsproject\debug\graphiclibrarydll.dll
c:\dev\projects\git\graphiclib\graphicssolution\graphicsproject\debug\graphiclibrarydll.pdb
c:\dev\projects\git\graphiclib\graphiclibrarydll\graphiclibrarydll\debug\graphicl.ce887d72.tlog\cl.command.1.tlog
c:\dev\projects\git\graphiclib\graphiclibrarydll\graphiclibrarydll\debug\graphicl.ce887d72.tlog\cl.read.1.tlog
c:\dev\projects\git\graphiclib\graphiclibrarydll\graphiclibrarydll\debug\graphicl.ce887d72.tlog\cl.write.1.tlog
c:\dev\projects\git\graphiclib\graphiclibrarydll\graphiclibrarydll\debug\graphicl.ce887d72.tlog\graphiclibrarydll.write.1u.tlog
c:\dev\projects\git\graphiclib\graphiclibrarydll\graphiclibrarydll\debug\graphicl.ce887d72.tlog\link.command.1.tlog
c:\dev\projects\git\graphiclib\graphiclibrarydll\graphiclibrarydll\debug\graphicl.ce887d72.tlog\link.read.1.tlog
c:\dev\projects\git\graphiclib\graphiclibrarydll\graphiclibrarydll\debug\graphicl.ce887d72.tlog\link.write.1.tlog
